14:29:44.863 [main] INFO  testCases.TC1_CarLoan - Test Case : 5 executed successfully___☑️
14:29:48.571 [main] INFO  testCases.TC1_CarLoan - Test Case : 6 executed successfully___☑️
14:29:51.047 [main] INFO  testCases.TC1_CarLoan - Test Case : 7 executed successfully___☑️
14:29:51.469 [main] INFO  testCases.TC1_CarLoan - Test Case : 8 executed successfully___☑️
14:29:55.633 [main] INFO  testCases.TC1_CarLoan - Test Case : 9 executed successfully___☑️
14:29:56.289 [main] INFO  testCases.TC1_CarLoan - Test Case : 10 executed successfully___☑️
14:30:53.854 [main] INFO  testCases.TC1_CarLoan - Test Case : 15 executed successfully___☑️
14:30:55.069 [main] INFO  testCases.TC1_CarLoan - Test Case : 16 executed successfully___☑️
14:30:56.612 [main] INFO  testCases.TC1_CarLoan - Test Case : 17 executed successfully___☑️
14:30:58.002 [main] INFO  testCases.TC1_CarLoan - Test Case : 18 executed successfully___☑️
14:31:01.764 [main] INFO  testCases.TC1_CarLoan - Test Case : 19 executed successfully___☑️
14:31:04.374 [main] INFO  testCases.TC1_CarLoan - Test Case : 20 executed successfully___☑️
14:31:36.070 [main] INFO  testCases.TC1_CarLoan - Browser closed successfully___☑️
14:32:44.051 [main] INFO  testCases.TC1_CarLoan - chrome opened successfully___☑️
14:32:50.310 [main] INFO  testCases.TC1_CarLoan - Website opened successfully___☑️
14:34:55.391 [main] INFO  testCases.TC1_CarLoan - Test Case : 17 executed successfully___☑️
14:34:57.495 [main] INFO  testCases.TC1_CarLoan - Test Case : 18 executed successfully___☑️
14:35:01.507 [main] INFO  testCases.TC1_CarLoan - Test Case : 19 executed successfully___☑️
14:35:04.209 [main] INFO  testCases.TC1_CarLoan - Test Case : 20 executed successfully___☑️
14:35:35.933 [main] INFO  testCases.TC1_CarLoan - Browser closed successfully___☑️
15:07:25.944 [main] INFO  testCases.TC1_CarLoan - chrome opened successfully___☑️
15:07:49.686 [main] INFO  testCases.TC1_CarLoan - Website opened successfully___☑️
15:08:18.250 [main] INFO  testCases.TC1_CarLoan - Test Case : 3 executed successfully___☑️
15:08:39.056 [main] INFO  testCases.TC1_CarLoan - Test Case : 5 executed successfully___☑️
15:08:43.270 [main] INFO  testCases.TC1_CarLoan - Browser closed successfully___☑️
15:09:04.561 [main] INFO  testCases.TC1_CarLoan - chrome opened successfully___☑️
15:09:28.594 [main] INFO  testCases.TC1_CarLoan - chrome opened successfully___☑️
15:10:17.740 [main] INFO  testCases.TC1_CarLoan - Website opened successfully___☑️
15:10:18.084 [main] INFO  testCases.TC1_CarLoan - Test Case : 1 executed successfully___☑️
15:10:18.993 [main] INFO  testCases.TC1_CarLoan - Test Case : 2 executed successfully___☑️
15:10:19.771 [main] INFO  testCases.TC1_CarLoan - Test Case : 3 executed successfully___☑️
15:10:22.527 [main] INFO  testCases.TC1_CarLoan - Test Case : 4 executed successfully___☑️
15:10:22.924 [main] INFO  testCases.TC1_CarLoan - Test Case : 5 executed successfully___☑️
15:10:26.520 [main] INFO  testCases.TC1_CarLoan - Test Case : 6 executed successfully___☑️
15:10:28.419 [main] INFO  testCases.TC1_CarLoan - Test Case : 7 executed successfully___☑️
15:10:28.737 [main] INFO  testCases.TC1_CarLoan - Test Case : 8 executed successfully___☑️
15:10:32.921 [main] INFO  testCases.TC1_CarLoan - Test Case : 9 executed successfully___☑️
15:12:10.409 [main] INFO  testCases.TC1_CarLoan - Test Case : 10 executed successfully___☑️
15:12:30.488 [main] INFO  testCases.TC1_CarLoan - Browser closed successfully___☑️
16:03:18.051 [main] INFO  testCases.TC1_CarLoan - chrome opened successfully___??
16:09:29.731 [main] INFO  testCases.TC1_CarLoan - chrome opened successfully___☑️
16:10:08.575 [main] INFO  testCases.TC1_CarLoan - Website opened successfully___☑️
16:10:09.114 [main] INFO  testCases.TC1_CarLoan - Test Case : 1 executed successfully___☑️
16:10:10.800 [main] INFO  testCases.TC1_CarLoan - Test Case : 2 executed successfully___☑️
16:10:12.005 [main] INFO  testCases.TC1_CarLoan - Test Case : 3 executed successfully___☑️
16:10:15.135 [main] INFO  testCases.TC1_CarLoan - Test Case : 4 executed successfully___☑️
16:10:16.883 [main] INFO  testCases.TC1_CarLoan - Test Case : 5 executed successfully___☑️
16:10:21.585 [main] INFO  testCases.TC1_CarLoan - Test Case : 6 executed successfully___☑️
16:10:27.886 [main] INFO  testCases.TC1_CarLoan - Test Case : 7 executed successfully___☑️
16:10:28.790 [main] INFO  testCases.TC1_CarLoan - Test Case : 8 executed successfully___☑️
16:10:34.257 [main] INFO  testCases.TC1_CarLoan - Test Case : 9 executed successfully___☑️
16:10:35.324 [main] INFO  testCases.TC1_CarLoan - Test Case : 10 executed successfully___☑️
16:11:56.812 [main] INFO  testCases.TC1_CarLoan - Test Case : 12 executed successfully___☑️
16:12:50.304 [main] INFO  testCases.TC1_CarLoan - Browser closed successfully___☑️
