12:51:26.404 [main] INFO  testCases.TC1_CarLoan - Test Case : 19 executed successfully___☑️
12:51:29.313 [main] INFO  testCases.TC1_CarLoan - Test Case : 20 executed successfully___☑️
12:51:31.130 [main] INFO  testCases.TC1_CarLoan - Browser closed successfully___☑️
12:57:11.414 [main] INFO  testCases.TC1_CarLoan - chrome opened successfully___☑️
12:57:15.753 [main] INFO  testCases.TC1_CarLoan - Website opened successfully___☑️
12:57:16.115 [main] INFO  testCases.TC1_CarLoan - Test Case : 1 executed successfully___☑️
12:57:17.397 [main] INFO  testCases.TC1_CarLoan - Test Case : 2 executed successfully___☑️
12:57:18.412 [main] INFO  testCases.TC1_CarLoan - Test Case : 3 executed successfully___☑️
12:57:21.644 [main] INFO  testCases.TC1_CarLoan - Test Case : 4 executed successfully___☑️
12:57:22.082 [main] INFO  testCases.TC1_CarLoan - Test Case : 5 executed successfully___☑️
12:57:25.995 [main] INFO  testCases.TC1_CarLoan - Test Case : 6 executed successfully___☑️
12:57:28.783 [main] INFO  testCases.TC1_CarLoan - Test Case : 7 executed successfully___☑️
12:57:29.290 [main] INFO  testCases.TC1_CarLoan - Test Case : 8 executed successfully___☑️
12:57:33.847 [main] INFO  testCases.TC1_CarLoan - Test Case : 9 executed successfully___☑️
12:57:35.802 [main] INFO  testCases.TC1_CarLoan - Test Case : 10 executed successfully___☑️
12:57:39.585 [main] INFO  testCases.TC1_CarLoan - Test Case : 11 executed successfully___☑️
12:57:52.952 [main] INFO  testCases.TC1_CarLoan - Test Case : 12 executed successfully___☑️
12:57:54.730 [main] INFO  testCases.TC1_CarLoan - Test Case : 13 executed successfully___☑️
12:57:55.343 [main] INFO  testCases.TC1_CarLoan - Test Case : 14 executed successfully___☑️
12:57:56.369 [main] INFO  testCases.TC1_CarLoan - Test Case : 15 executed successfully___☑️
12:57:57.351 [main] INFO  testCases.TC1_CarLoan - Test Case : 16 executed successfully___☑️
12:57:59.029 [main] INFO  testCases.TC1_CarLoan - Test Case : 17 executed successfully___☑️
12:58:00.726 [main] INFO  testCases.TC1_CarLoan - Test Case : 18 executed successfully___☑️
12:58:05.031 [main] INFO  testCases.TC1_CarLoan - Test Case : 19 executed successfully___☑️
12:58:07.993 [main] INFO  testCases.TC1_CarLoan - Test Case : 20 executed successfully___☑️
12:58:09.917 [main] INFO  testCases.TC1_CarLoan - Browser closed successfully___☑️
15:04:35.252 [main] INFO  testCases.TC1_CarLoan - edge opened successfully___☑️
15:06:24.132 [main] INFO  testCases.TC1_CarLoan - Website opened successfully___☑️
15:06:24.342 [main] INFO  testCases.TC1_CarLoan - Test Case : 1 executed successfully___☑️
15:06:25.190 [main] INFO  testCases.TC1_CarLoan - Test Case : 2 executed successfully___☑️
15:06:25.930 [main] INFO  testCases.TC1_CarLoan - Test Case : 3 executed successfully___☑️
15:06:28.815 [main] INFO  testCases.TC1_CarLoan - Test Case : 4 executed successfully___☑️
15:06:29.127 [main] INFO  testCases.TC1_CarLoan - Test Case : 5 executed successfully___☑️
15:06:32.510 [main] INFO  testCases.TC1_CarLoan - Test Case : 6 executed successfully___☑️
15:06:34.122 [main] INFO  testCases.TC1_CarLoan - Test Case : 7 executed successfully___☑️
15:06:34.419 [main] INFO  testCases.TC1_CarLoan - Test Case : 8 executed successfully___☑️
15:06:38.234 [main] INFO  testCases.TC1_CarLoan - Test Case : 9 executed successfully___☑️
15:08:35.690 [main] INFO  testCases.TC1_CarLoan - Test Case : 10 executed successfully___☑️
15:08:39.128 [main] INFO  testCases.TC1_CarLoan - Test Case : 11 executed successfully___☑️
15:08:45.999 [main] INFO  testCases.TC1_CarLoan - Test Case : 12 executed successfully___☑️
15:10:08.740 [main] INFO  testCases.TC1_CarLoan - Test Case : 13 executed successfully___☑️
15:10:08.982 [main] INFO  testCases.TC1_CarLoan - Test Case : 14 executed successfully___☑️
15:10:10.267 [main] INFO  testCases.TC1_CarLoan - Test Case : 16 executed successfully___☑️
15:10:11.445 [main] INFO  testCases.TC1_CarLoan - Test Case : 17 executed successfully___☑️
15:10:12.487 [main] INFO  testCases.TC1_CarLoan - Test Case : 18 executed successfully___☑️
15:10:15.476 [main] INFO  testCases.TC1_CarLoan - Test Case : 19 executed successfully___☑️
15:10:17.537 [main] INFO  testCases.TC1_CarLoan - Test Case : 20 executed successfully___☑️
15:10:18.896 [main] INFO  testCases.TC1_CarLoan - Browser closed successfully___☑️
10:49:12.173 [main] INFO  testCases.TC1_CarLoan - chrome opened successfully___☑️
10:49:17.822 [main] INFO  testCases.TC1_CarLoan - Website opened successfully___☑️
10:49:18.023 [main] INFO  testCases.TC1_CarLoan - Test Case : 1 executed successfully___☑️
10:49:18.969 [main] INFO  testCases.TC1_CarLoan - Test Case : 2 executed successfully___☑️
10:49:19.725 [main] INFO  testCases.TC1_CarLoan - Test Case : 3 executed successfully___☑️
